<?xml version="1.0" encoding="UTF-8"?>
<testsuite name="com.setl.RESTAPITests.Account.Deletion.deleteAccountAcceptanceTest" tests="2" skipped="0" failures="2" errors="0" timestamp="2017-12-05T17:33:20" hostname="Bills-iMac.local" time="0.056">
  <properties/>
  <testcase name="deleteAccount" classname="com.setl.RESTAPITests.Account.Deletion.deleteAccountAcceptanceTest" time="0.035">
    <failure message="java.lang.NullPointerException" type="java.lang.NullPointerException">java.lang.NullPointerException
	at com.setl.RESTAPITests.Account.Deletion.deleteAccountAcceptanceTest.lambda$deleteAccount$1(deleteAccountAcceptanceTest.java:48)
	at io.setl.restapi.client.RestApi.sendMessage(RestApi.java:76)
	at com.setl.RESTAPITests.Account.Deletion.deleteAccountAcceptanceTest.deleteAccount(deleteAccountAcceptanceTest.java:45)
	at sun.reflect.NativeMethodAccessorImpl.invoke0(Native Method)
	at sun.reflect.NativeMethodAccessorImpl.invoke(NativeMethodAccessorImpl.java:62)
	at sun.reflect.DelegatingMethodAccessorImpl.invoke(DelegatingMethodAccessorImpl.java:43)
	at java.lang.reflect.Method.invoke(Method.java:498)
	at org.junit.runners.model.FrameworkMethod$1.runReflectiveCall(FrameworkMethod.java:50)
	at org.junit.internal.runners.model.ReflectiveCallable.run(ReflectiveCallable.java:12)
	at org.junit.runners.model.FrameworkMethod.invokeExplosively(FrameworkMethod.java:47)
	at org.junit.internal.runners.statements.InvokeMethod.evaluate(InvokeMethod.java:17)
	at org.junit.internal.runners.statements.RunBefores.evaluate(RunBefores.java:26)
	at org.junit.internal.runners.statements.FailOnTimeout$CallableStatement.call(FailOnTimeout.java:298)
	at org.junit.internal.runners.statements.FailOnTimeout$CallableStatement.call(FailOnTimeout.java:292)
	at java.util.concurrent.FutureTask.run(FutureTask.java:266)
	at java.lang.Thread.run(Thread.java:745)
</failure>
  </testcase>
  <testcase name="shouldNotDeleteAccountWithoutPermissions" classname="com.setl.RESTAPITests.Account.Deletion.deleteAccountAcceptanceTest" time="0.021">
    <failure message="junit.framework.AssertionFailedError" type="junit.framework.AssertionFailedError">junit.framework.AssertionFailedError
	at junit.framework.Assert.fail(Assert.java:55)
	at junit.framework.Assert.assertTrue(Assert.java:22)
	at junit.framework.Assert.assertTrue(Assert.java:31)
	at junit.framework.TestCase.assertTrue(TestCase.java:201)
	at com.setl.RESTAPITests.Account.Deletion.deleteAccountAcceptanceTest.lambda$shouldNotDeleteAccountWithoutPermissions$3(deleteAccountAcceptanceTest.java:70)
	at io.setl.restapi.client.RestApi.sendMessage(RestApi.java:76)
	at com.setl.RESTAPITests.Account.Deletion.deleteAccountAcceptanceTest.shouldNotDeleteAccountWithoutPermissions(deleteAccountAcceptanceTest.java:68)
	at sun.reflect.NativeMethodAccessorImpl.invoke0(Native Method)
	at sun.reflect.NativeMethodAccessorImpl.invoke(NativeMethodAccessorImpl.java:62)
	at sun.reflect.DelegatingMethodAccessorImpl.invoke(DelegatingMethodAccessorImpl.java:43)
	at java.lang.reflect.Method.invoke(Method.java:498)
	at org.junit.runners.model.FrameworkMethod$1.runReflectiveCall(FrameworkMethod.java:50)
	at org.junit.internal.runners.model.ReflectiveCallable.run(ReflectiveCallable.java:12)
	at org.junit.runners.model.FrameworkMethod.invokeExplosively(FrameworkMethod.java:47)
	at org.junit.internal.runners.statements.InvokeMethod.evaluate(InvokeMethod.java:17)
	at org.junit.internal.runners.statements.RunBefores.evaluate(RunBefores.java:26)
	at org.junit.internal.runners.statements.FailOnTimeout$CallableStatement.call(FailOnTimeout.java:298)
	at org.junit.internal.runners.statements.FailOnTimeout$CallableStatement.call(FailOnTimeout.java:292)
	at java.util.concurrent.FutureTask.run(FutureTask.java:266)
	at java.lang.Thread.run(Thread.java:745)
</failure>
  </testcase>
  <system-out><![CDATA[payload eyJ0eXAiOiJKV1QiLCJhbGciOiJIUzI1NiJ9.eyJtZXNzYWdlYm9keSI6eyJ1c2VyaWQiOjE3fSwibWVzc2FnZXR5cGUiOiJpbml0aWFsaXNlIiwicmVxdWVzdGlkIjoxLCJ0b2tlbiI6IiIsInRpbWVzdGFtcCI6MTUxMjQ5NTIwMDAzNH0.ke8G66h_TrrF23El8W3Fvqr8DwM64kt5y9DWs_y-onk
payload eyJ0eXAiOiJKV1QiLCJhbGciOiJIUzI1NiJ9.eyJtZXNzYWdlYm9keSI6eyJhY2NvdW50RGVzY3JpcHRpb24iOiJUZXN0X0FjY291bnRfZ3NSeW4iLCJhY2NvdW50TWVtYmVyIjo1LCJhY2NvdW50TmFtZSI6IlRlc3RfQWNjb3VudF9EZXNjX2dzUnluIiwidG9waWMiOiJuYSJ9LCJtZXNzYWdldHlwZSI6InJlcXVlc3QiLCJyZXF1ZXN0aWQiOjEsInRva2VuIjoiOTgzMDQ5YmIxY2FhZTk0ZTZiYWMzZTdmZjQzNmU3Mzg3NzY5MmRlNTNjZjlhYzJlM2NjZDMyNGViMWJjN2ZjZiIsInRpbWVzdGFtcCI6MTUxMjQ5NTIwMDA0OH0.SavQq5mGU4I2QQF1mIIt4DY5my_NlhBw8Cc0pkVYDhs
payload eyJ0eXAiOiJKV1QiLCJhbGciOiJIUzI1NiJ9.eyJtZXNzYWdlYm9keSI6eyJ1c2VyaWQiOjE3fSwibWVzc2FnZXR5cGUiOiJpbml0aWFsaXNlIiwicmVxdWVzdGlkIjoxLCJ0b2tlbiI6IiIsInRpbWVzdGFtcCI6MTUxMjQ5NTIwMDA3NX0.SKas63ZGqaOgxzfD6DflozQd_a2bCqviBEskyajxHB4
payload eyJ0eXAiOiJKV1QiLCJhbGciOiJIUzI1NiJ9.eyJtZXNzYWdlYm9keSI6eyJhY2NvdW50RGVzY3JpcHRpb24iOiJUZXN0X0FjY291bnRfQmtaelYiLCJhY2NvdW50TWVtYmVyIjo1LCJhY2NvdW50TmFtZSI6IlRlc3RfQWNjb3VudF9EZXNjX0JrWnpWIiwidG9waWMiOiJuYSJ9LCJtZXNzYWdldHlwZSI6InJlcXVlc3QiLCJyZXF1ZXN0aWQiOjEsInRva2VuIjoiOTgzMDQ5YmIxY2FhZTk0ZTZiYWMzZTdmZjQzNmU3Mzg3NzY5MmRlNTNjZjlhYzJlM2NjZDMyNGViMWJjN2ZjZiIsInRpbWVzdGFtcCI6MTUxMjQ5NTIwMDA4MH0.N9aYyKmisQGQFRClpTf9lHQiMluuS5xJasAEQhUgQNQ
]]></system-out>
  <system-err><![CDATA[eyJhbGciOiJIUzI1NiJ9.eyJyZXF1ZXN0aWQiOjEsIm1lc3NhZ2V0eXBlIjoiZGIiLCJzdGF0dXMiOiJPSyIsImRhdGEiOlt7ImRlc2NyaXB0aW9uIjoiVGVzdF9BY2NvdW50X2dzUnluIiwiYWNjb3VudE5hbWUiOiJUZXN0X0FjY291bnRfRGVzY19nc1J5biIsInBhcmVudCI6NSwiU3RhdHVzIjoiRmFpbCIsIk1lc3NhZ2UiOiJTUUwgRXJyb3IgcmV0dXJuZWQuIn1dfQ.6aNfIYD4YRRiAzFoKJs0V12h8-QtQ7p24JYmw4lrp2s
eyJhbGciOiJIUzI1NiJ9.eyJyZXF1ZXN0aWQiOjEsIm1lc3NhZ2V0eXBlIjoiZGIiLCJzdGF0dXMiOiJPSyIsImRhdGEiOlt7ImRlc2NyaXB0aW9uIjoiVGVzdF9BY2NvdW50X0JrWnpWIiwiYWNjb3VudE5hbWUiOiJUZXN0X0FjY291bnRfRGVzY19Ca1p6ViIsInBhcmVudCI6NSwiU3RhdHVzIjoiRmFpbCIsIk1lc3NhZ2UiOiJTUUwgRXJyb3IgcmV0dXJuZWQuIn1dfQ.tJPV7ViU1_9jjZFXgvXV9MOLM7vIGxouRorvguaMtn8
]]></system-err>
</testsuite>
