<?xml version="1.0" encoding="UTF-8"?>
<testsuite name="com.setl.WebSocketAPITests.Member.MemberManagement.addAccountToMemberTest" tests="2" skipped="0" failures="2" errors="0" timestamp="2017-12-05T17:38:03" hostname="Bills-iMac.local" time="6.01">
  <properties/>
  <testcase name="addAccountToExistingMember" classname="com.setl.WebSocketAPITests.Member.MemberManagement.addAccountToMemberTest" time="3.008">
    <failure message="org.junit.runners.model.TestTimedOutException: test timed out after 3000 milliseconds" type="org.junit.runners.model.TestTimedOutException">org.junit.runners.model.TestTimedOutException: test timed out after 3000 milliseconds
	at sun.misc.Unsafe.park(Native Method)
	at java.util.concurrent.locks.LockSupport.park(LockSupport.java:175)
	at java.util.concurrent.locks.AbstractQueuedSynchronizer.parkAndCheckInterrupt(AbstractQueuedSynchronizer.java:836)
	at java.util.concurrent.locks.AbstractQueuedSynchronizer.doAcquireSharedInterruptibly(AbstractQueuedSynchronizer.java:997)
	at java.util.concurrent.locks.AbstractQueuedSynchronizer.acquireSharedInterruptibly(AbstractQueuedSynchronizer.java:1304)
	at java.util.concurrent.CountDownLatch.await(CountDownLatch.java:231)
	at SETLAPIHelpers.WebSocketAPI.MemberHelper.createMember(MemberHelper.java:42)
	at com.setl.WebSocketAPITests.Member.MemberManagement.addAccountToMemberTest.addAccountToExistingMember(addAccountToMemberTest.java:57)
	at sun.reflect.NativeMethodAccessorImpl.invoke0(Native Method)
	at sun.reflect.NativeMethodAccessorImpl.invoke(NativeMethodAccessorImpl.java:62)
	at sun.reflect.DelegatingMethodAccessorImpl.invoke(DelegatingMethodAccessorImpl.java:43)
	at java.lang.reflect.Method.invoke(Method.java:498)
	at org.junit.runners.model.FrameworkMethod$1.runReflectiveCall(FrameworkMethod.java:50)
	at org.junit.internal.runners.model.ReflectiveCallable.run(ReflectiveCallable.java:12)
	at org.junit.runners.model.FrameworkMethod.invokeExplosively(FrameworkMethod.java:47)
	at org.junit.internal.runners.statements.InvokeMethod.evaluate(InvokeMethod.java:17)
	at org.junit.internal.runners.statements.FailOnTimeout$CallableStatement.call(FailOnTimeout.java:298)
	at org.junit.internal.runners.statements.FailOnTimeout$CallableStatement.call(FailOnTimeout.java:292)
	at java.util.concurrent.FutureTask.run(FutureTask.java:266)
	at java.lang.Thread.run(Thread.java:745)
</failure>
  </testcase>
  <testcase name="createNewMemberAndAddAccount" classname="com.setl.WebSocketAPITests.Member.MemberManagement.addAccountToMemberTest" time="3.002">
    <failure message="org.junit.runners.model.TestTimedOutException: test timed out after 3000 milliseconds" type="org.junit.runners.model.TestTimedOutException">org.junit.runners.model.TestTimedOutException: test timed out after 3000 milliseconds
	at sun.misc.Unsafe.park(Native Method)
	at java.util.concurrent.locks.LockSupport.park(LockSupport.java:175)
	at java.util.concurrent.locks.AbstractQueuedSynchronizer.parkAndCheckInterrupt(AbstractQueuedSynchronizer.java:836)
	at java.util.concurrent.locks.AbstractQueuedSynchronizer.doAcquireSharedInterruptibly(AbstractQueuedSynchronizer.java:997)
	at java.util.concurrent.locks.AbstractQueuedSynchronizer.acquireSharedInterruptibly(AbstractQueuedSynchronizer.java:1304)
	at java.util.concurrent.CountDownLatch.await(CountDownLatch.java:231)
	at SETLAPIHelpers.WebSocketAPI.MemberHelper.createMember(MemberHelper.java:42)
	at com.setl.WebSocketAPITests.Member.MemberManagement.addAccountToMemberTest.createNewMemberAndAddAccount(addAccountToMemberTest.java:41)
	at sun.reflect.NativeMethodAccessorImpl.invoke0(Native Method)
	at sun.reflect.NativeMethodAccessorImpl.invoke(NativeMethodAccessorImpl.java:62)
	at sun.reflect.DelegatingMethodAccessorImpl.invoke(DelegatingMethodAccessorImpl.java:43)
	at java.lang.reflect.Method.invoke(Method.java:498)
	at org.junit.runners.model.FrameworkMethod$1.runReflectiveCall(FrameworkMethod.java:50)
	at org.junit.internal.runners.model.ReflectiveCallable.run(ReflectiveCallable.java:12)
	at org.junit.runners.model.FrameworkMethod.invokeExplosively(FrameworkMethod.java:47)
	at org.junit.internal.runners.statements.InvokeMethod.evaluate(InvokeMethod.java:17)
	at org.junit.internal.runners.statements.FailOnTimeout$CallableStatement.call(FailOnTimeout.java:298)
	at org.junit.internal.runners.statements.FailOnTimeout$CallableStatement.call(FailOnTimeout.java:292)
	at java.util.concurrent.FutureTask.run(FutureTask.java:266)
	at java.lang.Thread.run(Thread.java:745)
</failure>
  </testcase>
  <system-out><![CDATA[Sending message :153 bytes
message : {"RequestID":1001,"Version":2,"Request":"startRequest","Data":"8d970fabe3cda9e1cc1be40b5e36339d232978d0c047afd625032c11ec7f0c7a","MessageType":"Response"}
res::e7f9b00a238154bb8c6df8fa283b19d73f3a7fdc821183d5313679f2d14b04c1
Sending message :320 bytes
message : {"Status":"Locked","Data":[{"Token":"fail","Status":"Locked","Message":"","UserName":"","UserID":0,"EMailAddress":"","useTwoFactor":0,"copyMailToEmail":0,"admin":0,"userType":0,"accontID":0,"accountName":"","memberID":0,"last_login":null,"apiKey":null,"investorType":0,"platformAddr":"","defaultAddress":"","defaultWalletID":0}],"MessageType":"Response","Request":"login","RequestID":1002,"Version":2}
Sending message :300 bytes
message : {"Status":"Fail","Data":[{"Status":"Fail","Message":"Permission denied."}],"MessageType":"Response","Request":"newMember","RequestID":1003,"Version":2}
Sending message :153 bytes
message : {"RequestID":1001,"Version":2,"Request":"startRequest","Data":"53a80b8b877f2eb8abd588f19b53bfcdcb0186692d50e6786a51703667fad239","MessageType":"Response"}
res::40586fc3133f3b5b58e66b956bf5d54a82a0e6151ae85fe730d344bce4074584
Sending message :320 bytes
message : {"Status":"Locked","Data":[{"Token":"fail","Status":"Locked","Message":"","UserName":"","UserID":0,"EMailAddress":"","useTwoFactor":0,"copyMailToEmail":0,"admin":0,"userType":0,"accontID":0,"accountName":"","memberID":0,"last_login":null,"apiKey":null,"investorType":0,"platformAddr":"","defaultAddress":"","defaultWalletID":0}],"MessageType":"Response","Request":"login","RequestID":1002,"Version":2}
Sending message :300 bytes
message : {"Status":"Fail","Data":[{"Status":"Fail","Message":"Permission denied."}],"MessageType":"Response","Request":"newMember","RequestID":1003,"Version":2}
Sending message :236 bytes
]]></system-out>
  <system-err><![CDATA[]]></system-err>
</testsuite>
